mktextfm phvr8t
mktextfm phvr8t
mktextfm phvr8t
mktextfm phvr8t
mktextfm wasy7
mktextfm wasy5
mktextfm phvr8t
mktextfm phvb8t
mktextfm nullfont
mktextfm phvb8tn
mktextfm phvr8t
mktextfm phvb8t
mktextfm nullfont
mktextfm phvb8tn
mktextfm phvb8t
mktextfm nullfont
mktextfm phvb8tn
mktextfm wasy10
mktextfm phvb8t
mktextfm nullfont
mktextfm phvb8t
mktextfm nullfont
mktextfm phvb8tn
mktextfm phvb8t
mktextfm nullfont
mktextfm phvb8tn
mktextfm phvr8c
mktextfm phvr8t
mktextfm pcrr8t
mktextfm phvb8tn
mktextfm pcrr8t
mktextfm pcrr8t
mktextfm pcrro8t
mktextfm nullfont
mktextfm pcrro8t
mktextfm nullfont
mktextfm phvb8tn
mktextfm wasy8
mktextfm wasy6
mktextfm pcrr8t
mktextfm phvr8t
mktextfm phvro8t
mktextfm nullfont
mktextfm phvro8t
mktextfm nullfont
mktextfm phvro8t
mktextfm nullfont
