\BOOKMARK [0][-]{chapter.1}{\376\377\0001\000\040\000V\000e\000r\000z\000e\000i\000c\000h\000n\000i\000s\000\040\000d\000e\000r\000\040\000N\000a\000m\000e\000n\000s\000b\000e\000r\000e\000i\000c\000h\000e}{}% 1
\BOOKMARK [1][-]{section.1.1}{\376\377\0001\000.\0001\000\040\000L\000i\000s\000t\000e\000\040\000a\000l\000l\000e\000r\000\040\000N\000a\000m\000e\000n\000s\000b\000e\000r\000e\000i\000c\000h\000e}{chapter.1}% 2
\BOOKMARK [0][-]{chapter.2}{\376\377\0002\000\040\000H\000i\000e\000r\000a\000r\000c\000h\000i\000e\000-\000V\000e\000r\000z\000e\000i\000c\000h\000n\000i\000s}{}% 3
\BOOKMARK [1][-]{section.2.1}{\376\377\0002\000.\0001\000\040\000K\000l\000a\000s\000s\000e\000n\000h\000i\000e\000r\000a\000r\000c\000h\000i\000e}{chapter.2}% 4
\BOOKMARK [0][-]{chapter.3}{\376\377\0003\000\040\000K\000l\000a\000s\000s\000e\000n\000-\000V\000e\000r\000z\000e\000i\000c\000h\000n\000i\000s}{}% 5
\BOOKMARK [1][-]{section.3.1}{\376\377\0003\000.\0001\000\040\000A\000u\000f\000l\000i\000s\000t\000u\000n\000g\000\040\000d\000e\000r\000\040\000K\000l\000a\000s\000s\000e\000n}{chapter.3}% 6
\BOOKMARK [0][-]{chapter.4}{\376\377\0004\000\040\000D\000a\000t\000e\000i\000-\000V\000e\000r\000z\000e\000i\000c\000h\000n\000i\000s}{}% 7
\BOOKMARK [1][-]{section.4.1}{\376\377\0004\000.\0001\000\040\000A\000u\000f\000l\000i\000s\000t\000u\000n\000g\000\040\000d\000e\000r\000\040\000D\000a\000t\000e\000i\000e\000n}{chapter.4}% 8
\BOOKMARK [0][-]{chapter.5}{\376\377\0005\000\040\000D\000o\000k\000u\000m\000e\000n\000t\000a\000t\000i\000o\000n\000\040\000d\000e\000r\000\040\000N\000a\000m\000e\000n\000s\000b\000e\000r\000e\000i\000c\000h\000e}{}% 9
\BOOKMARK [1][-]{section.5.1}{\376\377\0005\000.\0001\000\040\000b\000e\000a\000t\000-\000N\000a\000m\000e\000n\000s\000b\000e\000r\000e\000i\000c\000h\000s\000r\000e\000f\000e\000r\000e\000n\000z}{chapter.5}% 10
\BOOKMARK [2][-]{subsection.5.1.1}{\376\377\0005\000.\0001\000.\0001\000\040\000V\000a\000r\000i\000a\000b\000l\000e\000n\000-\000D\000o\000k\000u\000m\000e\000n\000t\000a\000t\000i\000o\000n}{section.5.1}% 11
\BOOKMARK [3][-]{subsubsection.5.1.1.1}{\376\377\0005\000.\0001\000.\0001\000.\0001\000\040\000B\000E\000A\000T\0001}{subsection.5.1.1}% 12
\BOOKMARK [3][-]{subsubsection.5.1.1.2}{\376\377\0005\000.\0001\000.\0001\000.\0002\000\040\000B\000E\000A\000T\0001\0000}{subsection.5.1.1}% 13
\BOOKMARK [3][-]{subsubsection.5.1.1.3}{\376\377\0005\000.\0001\000.\0001\000.\0003\000\040\000B\000E\000A\000T\0001\0001}{subsection.5.1.1}% 14
\BOOKMARK [3][-]{subsubsection.5.1.1.4}{\376\377\0005\000.\0001\000.\0001\000.\0004\000\040\000B\000E\000A\000T\0001\0002}{subsection.5.1.1}% 15
\BOOKMARK [3][-]{subsubsection.5.1.1.5}{\376\377\0005\000.\0001\000.\0001\000.\0005\000\040\000B\000E\000A\000T\0001\0003}{subsection.5.1.1}% 16
\BOOKMARK [3][-]{subsubsection.5.1.1.6}{\376\377\0005\000.\0001\000.\0001\000.\0006\000\040\000B\000E\000A\000T\0001\0004}{subsection.5.1.1}% 17
\BOOKMARK [3][-]{subsubsection.5.1.1.7}{\376\377\0005\000.\0001\000.\0001\000.\0007\000\040\000B\000E\000A\000T\0001\0005}{subsection.5.1.1}% 18
\BOOKMARK [3][-]{subsubsection.5.1.1.8}{\376\377\0005\000.\0001\000.\0001\000.\0008\000\040\000B\000E\000A\000T\0001\0006}{subsection.5.1.1}% 19
\BOOKMARK [3][-]{subsubsection.5.1.1.9}{\376\377\0005\000.\0001\000.\0001\000.\0009\000\040\000B\000E\000A\000T\0002}{subsection.5.1.1}% 20
\BOOKMARK [3][-]{subsubsection.5.1.1.10}{\376\377\0005\000.\0001\000.\0001\000.\0001\0000\000\040\000B\000E\000A\000T\0003}{subsection.5.1.1}% 21
\BOOKMARK [3][-]{subsubsection.5.1.1.11}{\376\377\0005\000.\0001\000.\0001\000.\0001\0001\000\040\000B\000E\000A\000T\0004}{subsection.5.1.1}% 22
\BOOKMARK [3][-]{subsubsection.5.1.1.12}{\376\377\0005\000.\0001\000.\0001\000.\0001\0002\000\040\000B\000E\000A\000T\0005}{subsection.5.1.1}% 23
\BOOKMARK [3][-]{subsubsection.5.1.1.13}{\376\377\0005\000.\0001\000.\0001\000.\0001\0003\000\040\000B\000E\000A\000T\0006}{subsection.5.1.1}% 24
\BOOKMARK [3][-]{subsubsection.5.1.1.14}{\376\377\0005\000.\0001\000.\0001\000.\0001\0004\000\040\000B\000E\000A\000T\0007}{subsection.5.1.1}% 25
\BOOKMARK [3][-]{subsubsection.5.1.1.15}{\376\377\0005\000.\0001\000.\0001\000.\0001\0005\000\040\000B\000E\000A\000T\0008}{subsection.5.1.1}% 26
\BOOKMARK [3][-]{subsubsection.5.1.1.16}{\376\377\0005\000.\0001\000.\0001\000.\0001\0006\000\040\000B\000E\000A\000T\0009}{subsection.5.1.1}% 27
\BOOKMARK [1][-]{section.5.2}{\376\377\0005\000.\0002\000\040\000i\000n\000p\000u\000t\000s\000-\000N\000a\000m\000e\000n\000s\000b\000e\000r\000e\000i\000c\000h\000s\000r\000e\000f\000e\000r\000e\000n\000z}{chapter.5}% 28
\BOOKMARK [2][-]{subsection.5.2.1}{\376\377\0005\000.\0002\000.\0001\000\040\000V\000a\000r\000i\000a\000b\000l\000e\000n\000-\000D\000o\000k\000u\000m\000e\000n\000t\000a\000t\000i\000o\000n}{section.5.2}% 29
\BOOKMARK [3][-]{subsubsection.5.2.1.1}{\376\377\0005\000.\0002\000.\0001\000.\0001\000\040\000B\000E\000A\000T\0001\0000\000\137\000B\000U\000T\000T\000O\000N}{subsection.5.2.1}% 30
\BOOKMARK [3][-]{subsubsection.5.2.1.2}{\376\377\0005\000.\0002\000.\0001\000.\0002\000\040\000B\000E\000A\000T\0001\0001\000\137\000B\000U\000T\000T\000O\000N}{subsection.5.2.1}% 31
\BOOKMARK [3][-]{subsubsection.5.2.1.3}{\376\377\0005\000.\0002\000.\0001\000.\0003\000\040\000B\000E\000A\000T\0001\0002\000\137\000B\000U\000T\000T\000O\000N}{subsection.5.2.1}% 32
\BOOKMARK [3][-]{subsubsection.5.2.1.4}{\376\377\0005\000.\0002\000.\0001\000.\0004\000\040\000B\000E\000A\000T\0001\0003\000\137\000B\000U\000T\000T\000O\000N}{subsection.5.2.1}% 33
\BOOKMARK [3][-]{subsubsection.5.2.1.5}{\376\377\0005\000.\0002\000.\0001\000.\0005\000\040\000B\000E\000A\000T\0001\0004\000\137\000B\000U\000T\000T\000O\000N}{subsection.5.2.1}% 34
\BOOKMARK [3][-]{subsubsection.5.2.1.6}{\376\377\0005\000.\0002\000.\0001\000.\0006\000\040\000B\000E\000A\000T\0001\0005\000\137\000B\000U\000T\000T\000O\000N}{subsection.5.2.1}% 35
\BOOKMARK [3][-]{subsubsection.5.2.1.7}{\376\377\0005\000.\0002\000.\0001\000.\0007\000\040\000B\000E\000A\000T\0001\0006\000\137\000B\000U\000T\000T\000O\000N}{subsection.5.2.1}% 36
\BOOKMARK [3][-]{subsubsection.5.2.1.8}{\376\377\0005\000.\0002\000.\0001\000.\0008\000\040\000B\000E\000A\000T\0001\000\137\000B\000U\000T\000T\000O\000N}{subsection.5.2.1}% 37
\BOOKMARK [3][-]{subsubsection.5.2.1.9}{\376\377\0005\000.\0002\000.\0001\000.\0009\000\040\000B\000E\000A\000T\0002\000\137\000B\000U\000T\000T\000O\000N}{subsection.5.2.1}% 38
\BOOKMARK [3][-]{subsubsection.5.2.1.10}{\376\377\0005\000.\0002\000.\0001\000.\0001\0000\000\040\000B\000E\000A\000T\0003\000\137\000B\000U\000T\000T\000O\000N}{subsection.5.2.1}% 39
\BOOKMARK [3][-]{subsubsection.5.2.1.11}{\376\377\0005\000.\0002\000.\0001\000.\0001\0001\000\040\000B\000E\000A\000T\0004\000\137\000B\000U\000T\000T\000O\000N}{subsection.5.2.1}% 40
\BOOKMARK [3][-]{subsubsection.5.2.1.12}{\376\377\0005\000.\0002\000.\0001\000.\0001\0002\000\040\000B\000E\000A\000T\0005\000\137\000B\000U\000T\000T\000O\000N}{subsection.5.2.1}% 41
\BOOKMARK [3][-]{subsubsection.5.2.1.13}{\376\377\0005\000.\0002\000.\0001\000.\0001\0003\000\040\000B\000E\000A\000T\0006\000\137\000B\000U\000T\000T\000O\000N}{subsection.5.2.1}% 42
\BOOKMARK [3][-]{subsubsection.5.2.1.14}{\376\377\0005\000.\0002\000.\0001\000.\0001\0004\000\040\000B\000E\000A\000T\0007\000\137\000B\000U\000T\000T\000O\000N}{subsection.5.2.1}% 43
\BOOKMARK [3][-]{subsubsection.5.2.1.15}{\376\377\0005\000.\0002\000.\0001\000.\0001\0005\000\040\000B\000E\000A\000T\0008\000\137\000B\000U\000T\000T\000O\000N}{subsection.5.2.1}% 44
\BOOKMARK [3][-]{subsubsection.5.2.1.16}{\376\377\0005\000.\0002\000.\0001\000.\0001\0006\000\040\000B\000E\000A\000T\0009\000\137\000B\000U\000T\000T\000O\000N}{subsection.5.2.1}% 45
\BOOKMARK [3][-]{subsubsection.5.2.1.17}{\376\377\0005\000.\0002\000.\0001\000.\0001\0007\000\040\000M\000U\000T\000E\000\137\000B\000U\000T\000T\000O\000N}{subsection.5.2.1}% 46
\BOOKMARK [3][-]{subsubsection.5.2.1.18}{\376\377\0005\000.\0002\000.\0001\000.\0001\0008\000\040\000S\000A\000M\000P\000L\000E\0001\000\137\000B\000U\000T\000T\000O\000N}{subsection.5.2.1}% 47
\BOOKMARK [3][-]{subsubsection.5.2.1.19}{\376\377\0005\000.\0002\000.\0001\000.\0001\0009\000\040\000S\000A\000M\000P\000L\000E\0002\000\137\000B\000U\000T\000T\000O\000N}{subsection.5.2.1}% 48
\BOOKMARK [3][-]{subsubsection.5.2.1.20}{\376\377\0005\000.\0002\000.\0001\000.\0002\0000\000\040\000S\000A\000M\000P\000L\000E\0003\000\137\000B\000U\000T\000T\000O\000N}{subsection.5.2.1}% 49
\BOOKMARK [3][-]{subsubsection.5.2.1.21}{\376\377\0005\000.\0002\000.\0001\000.\0002\0001\000\040\000S\000A\000M\000P\000L\000E\0004\000\137\000B\000U\000T\000T\000O\000N}{subsection.5.2.1}% 50
\BOOKMARK [3][-]{subsubsection.5.2.1.22}{\376\377\0005\000.\0002\000.\0001\000.\0002\0002\000\040\000S\000A\000M\000P\000L\000E\0005\000\137\000B\000U\000T\000T\000O\000N}{subsection.5.2.1}% 51
\BOOKMARK [3][-]{subsubsection.5.2.1.23}{\376\377\0005\000.\0002\000.\0001\000.\0002\0003\000\040\000S\000A\000M\000P\000L\000E\0006\000\137\000B\000U\000T\000T\000O\000N}{subsection.5.2.1}% 52
\BOOKMARK [3][-]{subsubsection.5.2.1.24}{\376\377\0005\000.\0002\000.\0001\000.\0002\0004\000\040\000S\000A\000M\000P\000L\000E\0007\000\137\000B\000U\000T\000T\000O\000N}{subsection.5.2.1}% 53
\BOOKMARK [3][-]{subsubsection.5.2.1.25}{\376\377\0005\000.\0002\000.\0001\000.\0002\0005\000\040\000S\000A\000M\000P\000L\000E\0008\000\137\000B\000U\000T\000T\000O\000N}{subsection.5.2.1}% 54
\BOOKMARK [3][-]{subsubsection.5.2.1.26}{\376\377\0005\000.\0002\000.\0001\000.\0002\0006\000\040\000S\000T\000A\000R\000T\000\137\000S\000T\000O\000P\000\137\000B\000U\000T\000T\000O\000N}{subsection.5.2.1}% 55
\BOOKMARK [3][-]{subsubsection.5.2.1.27}{\376\377\0005\000.\0002\000.\0001\000.\0002\0007\000\040\000V\000O\000L\000U\000M\000E\000\137\000B\000P\000M\000\137\000D\000O\000W\000N\000\137\000B\000U\000T\000T\000O\000N}{subsection.5.2.1}% 56
\BOOKMARK [3][-]{subsubsection.5.2.1.28}{\376\377\0005\000.\0002\000.\0001\000.\0002\0008\000\040\000V\000O\000L\000U\000M\000E\000\137\000B\000P\000M\000\137\000U\000P\000\137\000B\000U\000T\000T\000O\000N}{subsection.5.2.1}% 57
\BOOKMARK [1][-]{section.5.3}{\376\377\0005\000.\0003\000\040\000o\000u\000t\000p\000u\000t\000s\000-\000N\000a\000m\000e\000n\000s\000b\000e\000r\000e\000i\000c\000h\000s\000r\000e\000f\000e\000r\000e\000n\000z}{chapter.5}% 58
\BOOKMARK [2][-]{subsection.5.3.1}{\376\377\0005\000.\0003\000.\0001\000\040\000V\000a\000r\000i\000a\000b\000l\000e\000n\000-\000D\000o\000k\000u\000m\000e\000n\000t\000a\000t\000i\000o\000n}{section.5.3}% 59
\BOOKMARK [3][-]{subsubsection.5.3.1.1}{\376\377\0005\000.\0003\000.\0001\000.\0001\000\040\000B\000E\000A\000T\0001\0000\000\137\000B\000L\000U\000E}{subsection.5.3.1}% 60
\BOOKMARK [3][-]{subsubsection.5.3.1.2}{\376\377\0005\000.\0003\000.\0001\000.\0002\000\040\000B\000E\000A\000T\0001\0000\000\137\000G\000R\000E\000E\000N}{subsection.5.3.1}% 61
\BOOKMARK [3][-]{subsubsection.5.3.1.3}{\376\377\0005\000.\0003\000.\0001\000.\0003\000\040\000B\000E\000A\000T\0001\0000\000\137\000R\000E\000D}{subsection.5.3.1}% 62
\BOOKMARK [3][-]{subsubsection.5.3.1.4}{\376\377\0005\000.\0003\000.\0001\000.\0004\000\040\000B\000E\000A\000T\0001\0001\000\137\000B\000L\000U\000E}{subsection.5.3.1}% 63
\BOOKMARK [3][-]{subsubsection.5.3.1.5}{\376\377\0005\000.\0003\000.\0001\000.\0005\000\040\000B\000E\000A\000T\0001\0001\000\137\000G\000R\000E\000E\000N}{subsection.5.3.1}% 64
\BOOKMARK [3][-]{subsubsection.5.3.1.6}{\376\377\0005\000.\0003\000.\0001\000.\0006\000\040\000B\000E\000A\000T\0001\0001\000\137\000R\000E\000D}{subsection.5.3.1}% 65
\BOOKMARK [3][-]{subsubsection.5.3.1.7}{\376\377\0005\000.\0003\000.\0001\000.\0007\000\040\000B\000E\000A\000T\0001\0002\000\137\000B\000L\000U\000E}{subsection.5.3.1}% 66
\BOOKMARK [3][-]{subsubsection.5.3.1.8}{\376\377\0005\000.\0003\000.\0001\000.\0008\000\040\000B\000E\000A\000T\0001\0002\000\137\000G\000R\000E\000E\000N}{subsection.5.3.1}% 67
\BOOKMARK [3][-]{subsubsection.5.3.1.9}{\376\377\0005\000.\0003\000.\0001\000.\0009\000\040\000B\000E\000A\000T\0001\0002\000\137\000R\000E\000D}{subsection.5.3.1}% 68
\BOOKMARK [3][-]{subsubsection.5.3.1.10}{\376\377\0005\000.\0003\000.\0001\000.\0001\0000\000\040\000B\000E\000A\000T\0001\0003\000\137\000B\000L\000U\000E}{subsection.5.3.1}% 69
\BOOKMARK [3][-]{subsubsection.5.3.1.11}{\376\377\0005\000.\0003\000.\0001\000.\0001\0001\000\040\000B\000E\000A\000T\0001\0003\000\137\000G\000R\000E\000E\000N}{subsection.5.3.1}% 70
\BOOKMARK [3][-]{subsubsection.5.3.1.12}{\376\377\0005\000.\0003\000.\0001\000.\0001\0002\000\040\000B\000E\000A\000T\0001\0003\000\137\000R\000E\000D}{subsection.5.3.1}% 71
\BOOKMARK [3][-]{subsubsection.5.3.1.13}{\376\377\0005\000.\0003\000.\0001\000.\0001\0003\000\040\000B\000E\000A\000T\0001\0004\000\137\000B\000L\000U\000E}{subsection.5.3.1}% 72
\BOOKMARK [3][-]{subsubsection.5.3.1.14}{\376\377\0005\000.\0003\000.\0001\000.\0001\0004\000\040\000B\000E\000A\000T\0001\0004\000\137\000G\000R\000E\000E\000N}{subsection.5.3.1}% 73
\BOOKMARK [3][-]{subsubsection.5.3.1.15}{\376\377\0005\000.\0003\000.\0001\000.\0001\0005\000\040\000B\000E\000A\000T\0001\0004\000\137\000R\000E\000D}{subsection.5.3.1}% 74
\BOOKMARK [3][-]{subsubsection.5.3.1.16}{\376\377\0005\000.\0003\000.\0001\000.\0001\0006\000\040\000B\000E\000A\000T\0001\0005\000\137\000B\000L\000U\000E}{subsection.5.3.1}% 75
\BOOKMARK [3][-]{subsubsection.5.3.1.17}{\376\377\0005\000.\0003\000.\0001\000.\0001\0007\000\040\000B\000E\000A\000T\0001\0005\000\137\000G\000R\000E\000E\000N}{subsection.5.3.1}% 76
\BOOKMARK [3][-]{subsubsection.5.3.1.18}{\376\377\0005\000.\0003\000.\0001\000.\0001\0008\000\040\000B\000E\000A\000T\0001\0005\000\137\000R\000E\000D}{subsection.5.3.1}% 77
\BOOKMARK [3][-]{subsubsection.5.3.1.19}{\376\377\0005\000.\0003\000.\0001\000.\0001\0009\000\040\000B\000E\000A\000T\0001\0006\000\137\000B\000L\000U\000E}{subsection.5.3.1}% 78
\BOOKMARK [3][-]{subsubsection.5.3.1.20}{\376\377\0005\000.\0003\000.\0001\000.\0002\0000\000\040\000B\000E\000A\000T\0001\0006\000\137\000G\000R\000E\000E\000N}{subsection.5.3.1}% 79
\BOOKMARK [3][-]{subsubsection.5.3.1.21}{\376\377\0005\000.\0003\000.\0001\000.\0002\0001\000\040\000B\000E\000A\000T\0001\0006\000\137\000R\000E\000D}{subsection.5.3.1}% 80
\BOOKMARK [3][-]{subsubsection.5.3.1.22}{\376\377\0005\000.\0003\000.\0001\000.\0002\0002\000\040\000B\000E\000A\000T\0001\000\137\000B\000L\000U\000E}{subsection.5.3.1}% 81
\BOOKMARK [3][-]{subsubsection.5.3.1.23}{\376\377\0005\000.\0003\000.\0001\000.\0002\0003\000\040\000B\000E\000A\000T\0001\000\137\000G\000R\000E\000E\000N}{subsection.5.3.1}% 82
\BOOKMARK [3][-]{subsubsection.5.3.1.24}{\376\377\0005\000.\0003\000.\0001\000.\0002\0004\000\040\000B\000E\000A\000T\0001\000\137\000R\000E\000D}{subsection.5.3.1}% 83
\BOOKMARK [3][-]{subsubsection.5.3.1.25}{\376\377\0005\000.\0003\000.\0001\000.\0002\0005\000\040\000B\000E\000A\000T\0002\000\137\000B\000L\000U\000E}{subsection.5.3.1}% 84
\BOOKMARK [3][-]{subsubsection.5.3.1.26}{\376\377\0005\000.\0003\000.\0001\000.\0002\0006\000\040\000B\000E\000A\000T\0002\000\137\000G\000R\000E\000E\000N}{subsection.5.3.1}% 85
\BOOKMARK [3][-]{subsubsection.5.3.1.27}{\376\377\0005\000.\0003\000.\0001\000.\0002\0007\000\040\000B\000E\000A\000T\0002\000\137\000R\000E\000D}{subsection.5.3.1}% 86
\BOOKMARK [3][-]{subsubsection.5.3.1.28}{\376\377\0005\000.\0003\000.\0001\000.\0002\0008\000\040\000B\000E\000A\000T\0003\000\137\000B\000L\000U\000E}{subsection.5.3.1}% 87
\BOOKMARK [3][-]{subsubsection.5.3.1.29}{\376\377\0005\000.\0003\000.\0001\000.\0002\0009\000\040\000B\000E\000A\000T\0003\000\137\000G\000R\000E\000E\000N}{subsection.5.3.1}% 88
\BOOKMARK [3][-]{subsubsection.5.3.1.30}{\376\377\0005\000.\0003\000.\0001\000.\0003\0000\000\040\000B\000E\000A\000T\0003\000\137\000R\000E\000D}{subsection.5.3.1}% 89
\BOOKMARK [3][-]{subsubsection.5.3.1.31}{\376\377\0005\000.\0003\000.\0001\000.\0003\0001\000\040\000B\000E\000A\000T\0004\000\137\000B\000L\000U\000E}{subsection.5.3.1}% 90
\BOOKMARK [3][-]{subsubsection.5.3.1.32}{\376\377\0005\000.\0003\000.\0001\000.\0003\0002\000\040\000B\000E\000A\000T\0004\000\137\000G\000R\000E\000E\000N}{subsection.5.3.1}% 91
\BOOKMARK [3][-]{subsubsection.5.3.1.33}{\376\377\0005\000.\0003\000.\0001\000.\0003\0003\000\040\000B\000E\000A\000T\0004\000\137\000R\000E\000D}{subsection.5.3.1}% 92
\BOOKMARK [3][-]{subsubsection.5.3.1.34}{\376\377\0005\000.\0003\000.\0001\000.\0003\0004\000\040\000B\000E\000A\000T\0005\000\137\000B\000L\000U\000E}{subsection.5.3.1}% 93
\BOOKMARK [3][-]{subsubsection.5.3.1.35}{\376\377\0005\000.\0003\000.\0001\000.\0003\0005\000\040\000B\000E\000A\000T\0005\000\137\000G\000R\000E\000E\000N}{subsection.5.3.1}% 94
\BOOKMARK [3][-]{subsubsection.5.3.1.36}{\376\377\0005\000.\0003\000.\0001\000.\0003\0006\000\040\000B\000E\000A\000T\0005\000\137\000R\000E\000D}{subsection.5.3.1}% 95
\BOOKMARK [3][-]{subsubsection.5.3.1.37}{\376\377\0005\000.\0003\000.\0001\000.\0003\0007\000\040\000B\000E\000A\000T\0006\000\137\000B\000L\000U\000E}{subsection.5.3.1}% 96
\BOOKMARK [3][-]{subsubsection.5.3.1.38}{\376\377\0005\000.\0003\000.\0001\000.\0003\0008\000\040\000B\000E\000A\000T\0006\000\137\000G\000R\000E\000E\000N}{subsection.5.3.1}% 97
\BOOKMARK [3][-]{subsubsection.5.3.1.39}{\376\377\0005\000.\0003\000.\0001\000.\0003\0009\000\040\000B\000E\000A\000T\0006\000\137\000R\000E\000D}{subsection.5.3.1}% 98
\BOOKMARK [3][-]{subsubsection.5.3.1.40}{\376\377\0005\000.\0003\000.\0001\000.\0004\0000\000\040\000B\000E\000A\000T\0007\000\137\000B\000L\000U\000E}{subsection.5.3.1}% 99
\BOOKMARK [3][-]{subsubsection.5.3.1.41}{\376\377\0005\000.\0003\000.\0001\000.\0004\0001\000\040\000B\000E\000A\000T\0007\000\137\000G\000R\000E\000E\000N}{subsection.5.3.1}% 100
\BOOKMARK [3][-]{subsubsection.5.3.1.42}{\376\377\0005\000.\0003\000.\0001\000.\0004\0002\000\040\000B\000E\000A\000T\0007\000\137\000R\000E\000D}{subsection.5.3.1}% 101
\BOOKMARK [3][-]{subsubsection.5.3.1.43}{\376\377\0005\000.\0003\000.\0001\000.\0004\0003\000\040\000B\000E\000A\000T\0008\000\137\000B\000L\000U\000E}{subsection.5.3.1}% 102
\BOOKMARK [3][-]{subsubsection.5.3.1.44}{\376\377\0005\000.\0003\000.\0001\000.\0004\0004\000\040\000B\000E\000A\000T\0008\000\137\000G\000R\000E\000E\000N}{subsection.5.3.1}% 103
\BOOKMARK [3][-]{subsubsection.5.3.1.45}{\376\377\0005\000.\0003\000.\0001\000.\0004\0005\000\040\000B\000E\000A\000T\0008\000\137\000R\000E\000D}{subsection.5.3.1}% 104
\BOOKMARK [3][-]{subsubsection.5.3.1.46}{\376\377\0005\000.\0003\000.\0001\000.\0004\0006\000\040\000B\000E\000A\000T\0009\000\137\000B\000L\000U\000E}{subsection.5.3.1}% 105
\BOOKMARK [3][-]{subsubsection.5.3.1.47}{\376\377\0005\000.\0003\000.\0001\000.\0004\0007\000\040\000B\000E\000A\000T\0009\000\137\000G\000R\000E\000E\000N}{subsection.5.3.1}% 106
\BOOKMARK [3][-]{subsubsection.5.3.1.48}{\376\377\0005\000.\0003\000.\0001\000.\0004\0008\000\040\000B\000E\000A\000T\0009\000\137\000R\000E\000D}{subsection.5.3.1}% 107
\BOOKMARK [3][-]{subsubsection.5.3.1.49}{\376\377\0005\000.\0003\000.\0001\000.\0004\0009\000\040\000S\000A\000M\000P\000L\000E\0001\000\137\000L\000E\000D}{subsection.5.3.1}% 108
\BOOKMARK [3][-]{subsubsection.5.3.1.50}{\376\377\0005\000.\0003\000.\0001\000.\0005\0000\000\040\000S\000A\000M\000P\000L\000E\0002\000\137\000L\000E\000D}{subsection.5.3.1}% 109
\BOOKMARK [3][-]{subsubsection.5.3.1.51}{\376\377\0005\000.\0003\000.\0001\000.\0005\0001\000\040\000S\000A\000M\000P\000L\000E\0003\000\137\000L\000E\000D}{subsection.5.3.1}% 110
\BOOKMARK [3][-]{subsubsection.5.3.1.52}{\376\377\0005\000.\0003\000.\0001\000.\0005\0002\000\040\000S\000A\000M\000P\000L\000E\0004\000\137\000L\000E\000D}{subsection.5.3.1}% 111
\BOOKMARK [3][-]{subsubsection.5.3.1.53}{\376\377\0005\000.\0003\000.\0001\000.\0005\0003\000\040\000S\000A\000M\000P\000L\000E\0005\000\137\000L\000E\000D}{subsection.5.3.1}% 112
\BOOKMARK [3][-]{subsubsection.5.3.1.54}{\376\377\0005\000.\0003\000.\0001\000.\0005\0004\000\040\000S\000A\000M\000P\000L\000E\0006\000\137\000L\000E\000D}{subsection.5.3.1}% 113
\BOOKMARK [3][-]{subsubsection.5.3.1.55}{\376\377\0005\000.\0003\000.\0001\000.\0005\0005\000\040\000S\000A\000M\000P\000L\000E\0007\000\137\000L\000E\000D}{subsection.5.3.1}% 114
\BOOKMARK [3][-]{subsubsection.5.3.1.56}{\376\377\0005\000.\0003\000.\0001\000.\0005\0006\000\040\000S\000A\000M\000P\000L\000E\0008\000\137\000L\000E\000D}{subsection.5.3.1}% 115
\BOOKMARK [1][-]{section.5.4}{\376\377\0005\000.\0004\000\040\000s\000a\000m\000p\000l\000e\000-\000N\000a\000m\000e\000n\000s\000b\000e\000r\000e\000i\000c\000h\000s\000r\000e\000f\000e\000r\000e\000n\000z}{chapter.5}% 116
\BOOKMARK [2][-]{subsection.5.4.1}{\376\377\0005\000.\0004\000.\0001\000\040\000V\000a\000r\000i\000a\000b\000l\000e\000n\000-\000D\000o\000k\000u\000m\000e\000n\000t\000a\000t\000i\000o\000n}{section.5.4}% 117
\BOOKMARK [3][-]{subsubsection.5.4.1.1}{\376\377\0005\000.\0004\000.\0001\000.\0001\000\040\000N\000O\000\137\000S\000A\000M\000P\000L\000E}{subsection.5.4.1}% 118
\BOOKMARK [3][-]{subsubsection.5.4.1.2}{\376\377\0005\000.\0004\000.\0001\000.\0002\000\040\000S\000A\000M\000P\000L\000E\0001}{subsection.5.4.1}% 119
\BOOKMARK [3][-]{subsubsection.5.4.1.3}{\376\377\0005\000.\0004\000.\0001\000.\0003\000\040\000S\000A\000M\000P\000L\000E\0002}{subsection.5.4.1}% 120
\BOOKMARK [3][-]{subsubsection.5.4.1.4}{\376\377\0005\000.\0004\000.\0001\000.\0004\000\040\000S\000A\000M\000P\000L\000E\0003}{subsection.5.4.1}% 121
\BOOKMARK [3][-]{subsubsection.5.4.1.5}{\376\377\0005\000.\0004\000.\0001\000.\0005\000\040\000S\000A\000M\000P\000L\000E\0004}{subsection.5.4.1}% 122
\BOOKMARK [3][-]{subsubsection.5.4.1.6}{\376\377\0005\000.\0004\000.\0001\000.\0006\000\040\000S\000A\000M\000P\000L\000E\0005}{subsection.5.4.1}% 123
\BOOKMARK [3][-]{subsubsection.5.4.1.7}{\376\377\0005\000.\0004\000.\0001\000.\0007\000\040\000S\000A\000M\000P\000L\000E\0006}{subsection.5.4.1}% 124
\BOOKMARK [3][-]{subsubsection.5.4.1.8}{\376\377\0005\000.\0004\000.\0001\000.\0008\000\040\000S\000A\000M\000P\000L\000E\0007}{subsection.5.4.1}% 125
\BOOKMARK [3][-]{subsubsection.5.4.1.9}{\376\377\0005\000.\0004\000.\0001\000.\0009\000\040\000S\000A\000M\000P\000L\000E\0008}{subsection.5.4.1}% 126
\BOOKMARK [1][-]{section.5.5}{\376\377\0005\000.\0005\000\040\000s\000t\000a\000t\000e\000-\000N\000a\000m\000e\000n\000s\000b\000e\000r\000e\000i\000c\000h\000s\000r\000e\000f\000e\000r\000e\000n\000z}{chapter.5}% 127
\BOOKMARK [2][-]{subsection.5.5.1}{\376\377\0005\000.\0005\000.\0001\000\040\000V\000a\000r\000i\000a\000b\000l\000e\000n\000-\000D\000o\000k\000u\000m\000e\000n\000t\000a\000t\000i\000o\000n}{section.5.5}% 128
\BOOKMARK [3][-]{subsubsection.5.5.1.1}{\376\377\0005\000.\0005\000.\0001\000.\0001\000\040\000M\000U\000T\000E}{subsection.5.5.1}% 129
\BOOKMARK [3][-]{subsubsection.5.5.1.2}{\376\377\0005\000.\0005\000.\0001\000.\0002\000\040\000P\000L\000A\000Y}{subsection.5.5.1}% 130
\BOOKMARK [0][-]{chapter.6}{\376\377\0006\000\040\000K\000l\000a\000s\000s\000e\000n\000-\000D\000o\000k\000u\000m\000e\000n\000t\000a\000t\000i\000o\000n}{}% 131
\BOOKMARK [1][-]{section.6.1}{\376\377\0006\000.\0001\000\040\000A\000O\000u\000t\000p\000u\000t\000C\000o\000n\000t\000r\000o\000l\000l\000e\000r\000\040\000K\000l\000a\000s\000s\000e\000n\000r\000e\000f\000e\000r\000e\000n\000z}{chapter.6}% 132
\BOOKMARK [2][-]{subsection.6.1.1}{\376\377\0006\000.\0001\000.\0001\000\040\000A\000u\000s\000f\000\374\000h\000r\000l\000i\000c\000h\000e\000\040\000B\000e\000s\000c\000h\000r\000e\000i\000b\000u\000n\000g}{section.6.1}% 133
\BOOKMARK [2][-]{subsection.6.1.2}{\376\377\0006\000.\0001\000.\0002\000\040\000D\000o\000k\000u\000m\000e\000n\000t\000a\000t\000i\000o\000n\000\040\000d\000e\000r\000\040\000E\000l\000e\000m\000e\000n\000t\000f\000u\000n\000k\000t\000i\000o\000n\000e\000n}{section.6.1}% 134
\BOOKMARK [3][-]{subsubsection.6.1.2.1}{\376\377\0006\000.\0001\000.\0002\000.\0001\000\040\000a\000c\000t\000i\000v\000e\000S\000a\000m\000p\000l\000e\000C\000h\000a\000n\000g\000e\000\050\000\051}{subsection.6.1.2}% 135
\BOOKMARK [3][-]{subsubsection.6.1.2.2}{\376\377\0006\000.\0001\000.\0002\000.\0002\000\040\000p\000l\000a\000y\000P\000o\000s\000i\000t\000i\000o\000n\000C\000h\000a\000n\000g\000e\000\050\000\051\000\040\000[\0001\000/\0002\000]}{subsection.6.1.2}% 136
\BOOKMARK [3][-]{subsubsection.6.1.2.3}{\376\377\0006\000.\0001\000.\0002\000.\0003\000\040\000p\000l\000a\000y\000P\000o\000s\000i\000t\000i\000o\000n\000C\000h\000a\000n\000g\000e\000\050\000\051\000\040\000[\0002\000/\0002\000]}{subsection.6.1.2}% 137
\BOOKMARK [3][-]{subsubsection.6.1.2.4}{\376\377\0006\000.\0001\000.\0002\000.\0004\000\040\000p\000o\000s\000i\000t\000i\000o\000n\000C\000h\000a\000n\000g\000e\000\050\000\051}{subsection.6.1.2}% 138
\BOOKMARK [3][-]{subsubsection.6.1.2.5}{\376\377\0006\000.\0001\000.\0002\000.\0005\000\040\000s\000e\000t\000B\000e\000a\000t\000D\000u\000r\000a\000t\000i\000o\000n\000\050\000\051}{subsection.6.1.2}% 139
\BOOKMARK [3][-]{subsubsection.6.1.2.6}{\376\377\0006\000.\0001\000.\0002\000.\0006\000\040\000s\000h\000o\000w\000M\000a\000i\000n\000S\000c\000r\000e\000e\000n\000\050\000\051}{subsection.6.1.2}% 140
\BOOKMARK [3][-]{subsubsection.6.1.2.7}{\376\377\0006\000.\0001\000.\0002\000.\0007\000\040\000s\000h\000o\000w\000S\000a\000m\000p\000l\000e\000S\000c\000r\000e\000e\000n\000\050\000\051}{subsection.6.1.2}% 141
\BOOKMARK [1][-]{section.6.2}{\376\377\0006\000.\0002\000\040\000D\000i\000s\000p\000l\000a\000y\000\040\000K\000l\000a\000s\000s\000e\000n\000r\000e\000f\000e\000r\000e\000n\000z}{chapter.6}% 142
\BOOKMARK [2][-]{subsection.6.2.1}{\376\377\0006\000.\0002\000.\0001\000\040\000A\000u\000s\000f\000\374\000h\000r\000l\000i\000c\000h\000e\000\040\000B\000e\000s\000c\000h\000r\000e\000i\000b\000u\000n\000g}{section.6.2}% 143
\BOOKMARK [2][-]{subsection.6.2.2}{\376\377\0006\000.\0002\000.\0002\000\040\000B\000e\000s\000c\000h\000r\000e\000i\000b\000u\000n\000g\000\040\000d\000e\000r\000\040\000K\000o\000n\000s\000t\000r\000u\000k\000t\000o\000r\000e\000n\000\040\000u\000n\000d\000\040\000D\000e\000s\000t\000r\000u\000k\000t\000o\000r\000e\000n}{section.6.2}% 144
\BOOKMARK [3][-]{subsubsection.6.2.2.1}{\376\377\0006\000.\0002\000.\0002\000.\0001\000\040\000D\000i\000s\000p\000l\000a\000y\000\050\000\051}{subsection.6.2.2}% 145
\BOOKMARK [2][-]{subsection.6.2.3}{\376\377\0006\000.\0002\000.\0003\000\040\000D\000o\000k\000u\000m\000e\000n\000t\000a\000t\000i\000o\000n\000\040\000d\000e\000r\000\040\000E\000l\000e\000m\000e\000n\000t\000f\000u\000n\000k\000t\000i\000o\000n\000e\000n}{section.6.2}% 146
\BOOKMARK [3][-]{subsubsection.6.2.3.1}{\376\377\0006\000.\0002\000.\0003\000.\0001\000\040\000s\000h\000o\000w\000M\000a\000i\000n\000S\000c\000r\000e\000e\000n\000\050\000\051}{subsection.6.2.3}% 147
\BOOKMARK [3][-]{subsubsection.6.2.3.2}{\376\377\0006\000.\0002\000.\0003\000.\0002\000\040\000s\000h\000o\000w\000S\000a\000m\000p\000l\000e\000S\000c\000r\000e\000e\000n\000\050\000\051}{subsection.6.2.3}% 148
\BOOKMARK [2][-]{subsection.6.2.4}{\376\377\0006\000.\0002\000.\0004\000\040\000D\000o\000k\000u\000m\000e\000n\000t\000a\000t\000i\000o\000n\000\040\000d\000e\000r\000\040\000D\000a\000t\000e\000n\000e\000l\000e\000m\000e\000n\000t\000e}{section.6.2}% 149
\BOOKMARK [3][-]{subsubsection.6.2.4.1}{\376\377\0006\000.\0002\000.\0004\000.\0001\000\040\000d\000i\000s\000p\000l\000a\000y}{subsection.6.2.4}% 150
\BOOKMARK [1][-]{section.6.3}{\376\377\0006\000.\0003\000\040\000D\000r\000u\000m\000M\000a\000c\000h\000i\000n\000e\000\040\000K\000l\000a\000s\000s\000e\000n\000r\000e\000f\000e\000r\000e\000n\000z}{chapter.6}% 151
\BOOKMARK [2][-]{subsection.6.3.1}{\376\377\0006\000.\0003\000.\0001\000\040\000A\000u\000s\000f\000\374\000h\000r\000l\000i\000c\000h\000e\000\040\000B\000e\000s\000c\000h\000r\000e\000i\000b\000u\000n\000g}{section.6.3}% 152
\BOOKMARK [2][-]{subsection.6.3.2}{\376\377\0006\000.\0003\000.\0002\000\040\000B\000e\000s\000c\000h\000r\000e\000i\000b\000u\000n\000g\000\040\000d\000e\000r\000\040\000K\000o\000n\000s\000t\000r\000u\000k\000t\000o\000r\000e\000n\000\040\000u\000n\000d\000\040\000D\000e\000s\000t\000r\000u\000k\000t\000o\000r\000e\000n}{section.6.3}% 153
\BOOKMARK [3][-]{subsubsection.6.3.2.1}{\376\377\0006\000.\0003\000.\0002\000.\0001\000\040\000D\000r\000u\000m\000M\000a\000c\000h\000i\000n\000e\000\050\000\051}{subsection.6.3.2}% 154
\BOOKMARK [2][-]{subsection.6.3.3}{\376\377\0006\000.\0003\000.\0003\000\040\000D\000o\000k\000u\000m\000e\000n\000t\000a\000t\000i\000o\000n\000\040\000d\000e\000r\000\040\000E\000l\000e\000m\000e\000n\000t\000f\000u\000n\000k\000t\000i\000o\000n\000e\000n}{section.6.3}% 155
\BOOKMARK [3][-]{subsubsection.6.3.3.1}{\376\377\0006\000.\0003\000.\0003\000.\0001\000\040\000a\000d\000d\000S\000a\000m\000p\000l\000e\000\050\000\051}{subsection.6.3.3}% 156
\BOOKMARK [3][-]{subsubsection.6.3.3.2}{\376\377\0006\000.\0003\000.\0003\000.\0002\000\040\000a\000l\000l\000o\000c\000a\000t\000e\000C\000h\000a\000n\000n\000e\000l\000s\000\050\000\051}{subsection.6.3.3}% 157
\BOOKMARK [3][-]{subsubsection.6.3.3.3}{\376\377\0006\000.\0003\000.\0003\000.\0003\000\040\000g\000e\000t\000A\000c\000t\000i\000v\000e\000S\000a\000m\000p\000l\000e\000\050\000\051}{subsection.6.3.3}% 158
\BOOKMARK [3][-]{subsubsection.6.3.3.4}{\376\377\0006\000.\0003\000.\0003\000.\0004\000\040\000g\000e\000t\000B\000P\000M\000\050\000\051}{subsection.6.3.3}% 159
\BOOKMARK [3][-]{subsubsection.6.3.3.5}{\376\377\0006\000.\0003\000.\0003\000.\0005\000\040\000g\000e\000t\000M\000a\000s\000t\000e\000r\000V\000o\000l\000u\000m\000e\000\050\000\051}{subsection.6.3.3}% 160
\BOOKMARK [3][-]{subsubsection.6.3.3.6}{\376\377\0006\000.\0003\000.\0003\000.\0006\000\040\000i\000n\000c\000r\000e\000a\000s\000e\000A\000c\000t\000i\000v\000e\000S\000a\000m\000p\000l\000e\000V\000o\000l\000u\000m\000e\000\050\000\051}{subsection.6.3.3}% 161
\BOOKMARK [3][-]{subsubsection.6.3.3.7}{\376\377\0006\000.\0003\000.\0003\000.\0007\000\040\000i\000n\000c\000r\000e\000a\000s\000e\000B\000p\000m\000\050\000\051}{subsection.6.3.3}% 162
\BOOKMARK [3][-]{subsubsection.6.3.3.8}{\376\377\0006\000.\0003\000.\0003\000.\0008\000\040\000i\000n\000c\000r\000e\000a\000s\000e\000V\000o\000l\000u\000m\000e\000\050\000\051}{subsection.6.3.3}% 163
\BOOKMARK [3][-]{subsubsection.6.3.3.9}{\376\377\0006\000.\0003\000.\0003\000.\0009\000\040\000i\000s\000L\000o\000o\000p\000R\000u\000n\000n\000i\000n\000g\000\050\000\051}{subsection.6.3.3}% 164
\BOOKMARK [3][-]{subsubsection.6.3.3.10}{\376\377\0006\000.\0003\000.\0003\000.\0001\0000\000\040\000o\000p\000e\000n\000A\000u\000d\000i\000o\000\050\000\051}{subsection.6.3.3}% 165
\BOOKMARK [3][-]{subsubsection.6.3.3.11}{\376\377\0006\000.\0003\000.\0003\000.\0001\0001\000\040\000s\000e\000t\000A\000c\000t\000i\000v\000e\000S\000a\000m\000p\000l\000e\000\050\000\051}{subsection.6.3.3}% 166
\BOOKMARK [3][-]{subsubsection.6.3.3.12}{\376\377\0006\000.\0003\000.\0003\000.\0001\0002\000\040\000s\000e\000t\000B\000P\000M\000\050\000\051}{subsection.6.3.3}% 167
\BOOKMARK [3][-]{subsubsection.6.3.3.13}{\376\377\0006\000.\0003\000.\0003\000.\0001\0003\000\040\000s\000e\000t\000M\000a\000s\000t\000e\000r\000V\000o\000l\000u\000m\000e\000\050\000\051}{subsection.6.3.3}% 168
\BOOKMARK [3][-]{subsubsection.6.3.3.14}{\376\377\0006\000.\0003\000.\0003\000.\0001\0004\000\040\000s\000t\000a\000r\000t\000L\000o\000o\000p\000\050\000\051}{subsection.6.3.3}% 169
\BOOKMARK [3][-]{subsubsection.6.3.3.15}{\376\377\0006\000.\0003\000.\0003\000.\0001\0005\000\040\000s\000t\000o\000p\000L\000o\000o\000p\000\050\000\051}{subsection.6.3.3}% 170
\BOOKMARK [3][-]{subsubsection.6.3.3.16}{\376\377\0006\000.\0003\000.\0003\000.\0001\0006\000\040\000t\000o\000g\000g\000l\000e\000S\000a\000m\000p\000l\000e\000A\000t\000B\000e\000a\000t\000\050\000\051}{subsection.6.3.3}% 171
\BOOKMARK [2][-]{subsection.6.3.4}{\376\377\0006\000.\0003\000.\0004\000\040\000D\000o\000k\000u\000m\000e\000n\000t\000a\000t\000i\000o\000n\000\040\000d\000e\000r\000\040\000D\000a\000t\000e\000n\000e\000l\000e\000m\000e\000n\000t\000e}{section.6.3}% 172
\BOOKMARK [3][-]{subsubsection.6.3.4.1}{\376\377\0006\000.\0003\000.\0004\000.\0001\000\040\000a\000c\000t\000i\000v\000e\000S\000a\000m\000p\000l\000e}{subsection.6.3.4}% 173
\BOOKMARK [3][-]{subsubsection.6.3.4.2}{\376\377\0006\000.\0003\000.\0004\000.\0002\000\040\000b\000p\000m}{subsection.6.3.4}% 174
\BOOKMARK [3][-]{subsubsection.6.3.4.3}{\376\377\0006\000.\0003\000.\0004\000.\0003\000\040\000c\000u\000r\000r\000e\000n\000t\000B\000e\000a\000t}{subsection.6.3.4}% 175
\BOOKMARK [3][-]{subsubsection.6.3.4.4}{\376\377\0006\000.\0003\000.\0004\000.\0004\000\040\000l\000o\000o\000p}{subsection.6.3.4}% 176
\BOOKMARK [3][-]{subsubsection.6.3.4.5}{\376\377\0006\000.\0003\000.\0004\000.\0005\000\040\000L\000O\000O\000P\000\137\000P\000R\000E\000C\000I\000S\000I\000O\000N\000\137\000N\000A\000N\000O\000S}{subsection.6.3.4}% 177
\BOOKMARK [3][-]{subsubsection.6.3.4.6}{\376\377\0006\000.\0003\000.\0004\000.\0006\000\040\000l\000o\000o\000p\000R\000u\000n\000n\000i\000n\000g}{subsection.6.3.4}% 178
\BOOKMARK [3][-]{subsubsection.6.3.4.7}{\376\377\0006\000.\0003\000.\0004\000.\0007\000\040\000o\000u\000t\000p\000u\000t\000C\000o\000n\000t\000r\000o\000l\000l\000e\000r}{subsection.6.3.4}% 179
\BOOKMARK [3][-]{subsubsection.6.3.4.8}{\376\377\0006\000.\0003\000.\0004\000.\0008\000\040\000s\000a\000m\000p\000l\000e\000s}{subsection.6.3.4}% 180
\BOOKMARK [3][-]{subsubsection.6.3.4.9}{\376\377\0006\000.\0003\000.\0004\000.\0009\000\040\000s\000i\000x\000t\000e\000e\000n\000t\000h\000N\000o\000t\000e\000M\000i\000l\000l\000i\000s}{subsection.6.3.4}% 181
\BOOKMARK [3][-]{subsubsection.6.3.4.10}{\376\377\0006\000.\0003\000.\0004\000.\0001\0000\000\040\000T\000O\000T\000A\000L\000\137\000B\000E\000A\000T\000S}{subsection.6.3.4}% 182
\BOOKMARK [3][-]{subsubsection.6.3.4.11}{\376\377\0006\000.\0003\000.\0004\000.\0001\0001\000\040\000v\000o\000l\000u\000m\000e}{subsection.6.3.4}% 183
\BOOKMARK [1][-]{section.6.4}{\376\377\0006\000.\0004\000\040\000D\000r\000u\000m\000M\000a\000c\000h\000i\000n\000e\000I\000n\000p\000u\000t\000L\000i\000s\000t\000e\000n\000e\000r\000\040\000K\000l\000a\000s\000s\000e\000n\000r\000e\000f\000e\000r\000e\000n\000z}{chapter.6}% 184
\BOOKMARK [2][-]{subsection.6.4.1}{\376\377\0006\000.\0004\000.\0001\000\040\000A\000u\000s\000f\000\374\000h\000r\000l\000i\000c\000h\000e\000\040\000B\000e\000s\000c\000h\000r\000e\000i\000b\000u\000n\000g}{section.6.4}% 185
\BOOKMARK [2][-]{subsection.6.4.2}{\376\377\0006\000.\0004\000.\0002\000\040\000B\000e\000s\000c\000h\000r\000e\000i\000b\000u\000n\000g\000\040\000d\000e\000r\000\040\000K\000o\000n\000s\000t\000r\000u\000k\000t\000o\000r\000e\000n\000\040\000u\000n\000d\000\040\000D\000e\000s\000t\000r\000u\000k\000t\000o\000r\000e\000n}{section.6.4}% 186
\BOOKMARK [3][-]{subsubsection.6.4.2.1}{\376\377\0006\000.\0004\000.\0002\000.\0001\000\040\000D\000r\000u\000m\000M\000a\000c\000h\000i\000n\000e\000I\000n\000p\000u\000t\000L\000i\000s\000t\000e\000n\000e\000r\000\050\000\051}{subsection.6.4.2}% 187
\BOOKMARK [2][-]{subsection.6.4.3}{\376\377\0006\000.\0004\000.\0003\000\040\000D\000o\000k\000u\000m\000e\000n\000t\000a\000t\000i\000o\000n\000\040\000d\000e\000r\000\040\000E\000l\000e\000m\000e\000n\000t\000f\000u\000n\000k\000t\000i\000o\000n\000e\000n}{section.6.4}% 188
\BOOKMARK [3][-]{subsubsection.6.4.3.1}{\376\377\0006\000.\0004\000.\0003\000.\0001\000\040\000i\000n\000p\000u\000t\000E\000v\000e\000n\000t\000\050\000\051}{subsection.6.4.3}% 189
\BOOKMARK [2][-]{subsection.6.4.4}{\376\377\0006\000.\0004\000.\0004\000\040\000D\000o\000k\000u\000m\000e\000n\000t\000a\000t\000i\000o\000n\000\040\000d\000e\000r\000\040\000D\000a\000t\000e\000n\000e\000l\000e\000m\000e\000n\000t\000e}{section.6.4}% 190
\BOOKMARK [3][-]{subsubsection.6.4.4.1}{\376\377\0006\000.\0004\000.\0004\000.\0001\000\040\000B\000P\000M\000\137\000S\000T\000E\000P\000\137\000S\000I\000Z\000E}{subsection.6.4.4}% 191
\BOOKMARK [3][-]{subsubsection.6.4.4.2}{\376\377\0006\000.\0004\000.\0004\000.\0002\000\040\000d\000r\000u\000m\000M\000a\000c\000h\000i\000n\000e}{subsection.6.4.4}% 192
\BOOKMARK [3][-]{subsubsection.6.4.4.3}{\376\377\0006\000.\0004\000.\0004\000.\0003\000\040\000V\000O\000L\000U\000M\000E\000\137\000S\000T\000E\000P\000\137\000S\000I\000Z\000E}{subsection.6.4.4}% 193
\BOOKMARK [1][-]{section.6.5}{\376\377\0006\000.\0005\000\040\000I\000n\000p\000u\000t\000L\000i\000s\000t\000e\000n\000e\000r\000\040\000K\000l\000a\000s\000s\000e\000n\000r\000e\000f\000e\000r\000e\000n\000z}{chapter.6}% 194
\BOOKMARK [2][-]{subsection.6.5.1}{\376\377\0006\000.\0005\000.\0001\000\040\000A\000u\000s\000f\000\374\000h\000r\000l\000i\000c\000h\000e\000\040\000B\000e\000s\000c\000h\000r\000e\000i\000b\000u\000n\000g}{section.6.5}% 195
\BOOKMARK [2][-]{subsection.6.5.2}{\376\377\0006\000.\0005\000.\0002\000\040\000D\000o\000k\000u\000m\000e\000n\000t\000a\000t\000i\000o\000n\000\040\000d\000e\000r\000\040\000E\000l\000e\000m\000e\000n\000t\000f\000u\000n\000k\000t\000i\000o\000n\000e\000n}{section.6.5}% 196
\BOOKMARK [3][-]{subsubsection.6.5.2.1}{\376\377\0006\000.\0005\000.\0002\000.\0001\000\040\000i\000n\000p\000u\000t\000E\000v\000e\000n\000t\000\050\000\051}{subsection.6.5.2}% 197
\BOOKMARK [1][-]{section.6.6}{\376\377\0006\000.\0006\000\040\000R\000a\000s\000p\000I\000n\000p\000u\000t\000C\000o\000n\000t\000r\000o\000l\000l\000e\000r\000\040\000K\000l\000a\000s\000s\000e\000n\000r\000e\000f\000e\000r\000e\000n\000z}{chapter.6}% 198
\BOOKMARK [2][-]{subsection.6.6.1}{\376\377\0006\000.\0006\000.\0001\000\040\000A\000u\000s\000f\000\374\000h\000r\000l\000i\000c\000h\000e\000\040\000B\000e\000s\000c\000h\000r\000e\000i\000b\000u\000n\000g}{section.6.6}% 199
\BOOKMARK [2][-]{subsection.6.6.2}{\376\377\0006\000.\0006\000.\0002\000\040\000B\000e\000s\000c\000h\000r\000e\000i\000b\000u\000n\000g\000\040\000d\000e\000r\000\040\000K\000o\000n\000s\000t\000r\000u\000k\000t\000o\000r\000e\000n\000\040\000u\000n\000d\000\040\000D\000e\000s\000t\000r\000u\000k\000t\000o\000r\000e\000n}{section.6.6}% 200
\BOOKMARK [3][-]{subsubsection.6.6.2.1}{\376\377\0006\000.\0006\000.\0002\000.\0001\000\040\000R\000a\000s\000p\000I\000n\000p\000u\000t\000C\000o\000n\000t\000r\000o\000l\000l\000e\000r\000\050\000\051}{subsection.6.6.2}% 201
\BOOKMARK [2][-]{subsection.6.6.3}{\376\377\0006\000.\0006\000.\0003\000\040\000D\000o\000k\000u\000m\000e\000n\000t\000a\000t\000i\000o\000n\000\040\000d\000e\000r\000\040\000E\000l\000e\000m\000e\000n\000t\000f\000u\000n\000k\000t\000i\000o\000n\000e\000n}{section.6.6}% 202
\BOOKMARK [3][-]{subsubsection.6.6.3.1}{\376\377\0006\000.\0006\000.\0003\000.\0001\000\040\000a\000d\000d\000I\000n\000p\000u\000t\000L\000i\000s\000t\000e\000n\000e\000r\000\050\000\051}{subsection.6.6.3}% 203
\BOOKMARK [3][-]{subsubsection.6.6.3.2}{\376\377\0006\000.\0006\000.\0003\000.\0002\000\040\000g\000e\000t\000I\000n\000p\000u\000t\000E\000v\000e\000n\000t\000s\000\050\000\051}{subsection.6.6.3}% 204
\BOOKMARK [3][-]{subsubsection.6.6.3.3}{\376\377\0006\000.\0006\000.\0003\000.\0003\000\040\000i\000n\000i\000t\000i\000a\000l\000i\000z\000e\000P\000i\000n\000s\000\050\000\051}{subsection.6.6.3}% 205
\BOOKMARK [3][-]{subsubsection.6.6.3.4}{\376\377\0006\000.\0006\000.\0003\000.\0004\000\040\000s\000t\000a\000r\000t\000\050\000\051}{subsection.6.6.3}% 206
\BOOKMARK [3][-]{subsubsection.6.6.3.5}{\376\377\0006\000.\0006\000.\0003\000.\0005\000\040\000s\000t\000a\000r\000t\000P\000o\000l\000l\000i\000n\000g\000\050\000\051}{subsection.6.6.3}% 207
\BOOKMARK [3][-]{subsubsection.6.6.3.6}{\376\377\0006\000.\0006\000.\0003\000.\0006\000\040\000s\000t\000o\000p\000\050\000\051}{subsection.6.6.3}% 208
\BOOKMARK [2][-]{subsection.6.6.4}{\376\377\0006\000.\0006\000.\0004\000\040\000D\000o\000k\000u\000m\000e\000n\000t\000a\000t\000i\000o\000n\000\040\000d\000e\000r\000\040\000D\000a\000t\000e\000n\000e\000l\000e\000m\000e\000n\000t\000e}{section.6.6}% 209
\BOOKMARK [3][-]{subsubsection.6.6.4.1}{\376\377\0006\000.\0006\000.\0004\000.\0001\000\040\000b\000u\000t\000t\000o\000n\000S\000t\000a\000t\000e\000M\000a\000p}{subsection.6.6.4}% 210
\BOOKMARK [3][-]{subsubsection.6.6.4.2}{\376\377\0006\000.\0006\000.\0004\000.\0002\000\040\000i\000n\000p\000u\000t\000L\000i\000s\000t\000e\000n\000e\000r\000L\000i\000s\000t}{subsection.6.6.4}% 211
\BOOKMARK [3][-]{subsubsection.6.6.4.3}{\376\377\0006\000.\0006\000.\0004\000.\0003\000\040\000o\000u\000t\000p\000u\000t\000M\000a\000p}{subsection.6.6.4}% 212
\BOOKMARK [3][-]{subsubsection.6.6.4.4}{\376\377\0006\000.\0006\000.\0004\000.\0004\000\040\000p\000o\000l\000l\000i\000n\000g\000T\000i\000m\000e\000r}{subsection.6.6.4}% 213
\BOOKMARK [3][-]{subsubsection.6.6.4.5}{\376\377\0006\000.\0006\000.\0004\000.\0005\000\040\000r\000o\000t\000a\000r\000y\000P\000o\000l\000l\000i\000n\000g\000T\000i\000m\000e\000r}{subsection.6.6.4}% 214
\BOOKMARK [1][-]{section.6.7}{\376\377\0006\000.\0007\000\040\000R\000a\000s\000p\000O\000u\000t\000p\000u\000t\000C\000o\000n\000t\000r\000o\000l\000l\000e\000r\000\040\000K\000l\000a\000s\000s\000e\000n\000r\000e\000f\000e\000r\000e\000n\000z}{chapter.6}% 215
\BOOKMARK [2][-]{subsection.6.7.1}{\376\377\0006\000.\0007\000.\0001\000\040\000A\000u\000s\000f\000\374\000h\000r\000l\000i\000c\000h\000e\000\040\000B\000e\000s\000c\000h\000r\000e\000i\000b\000u\000n\000g}{section.6.7}% 216
\BOOKMARK [2][-]{subsection.6.7.2}{\376\377\0006\000.\0007\000.\0002\000\040\000B\000e\000s\000c\000h\000r\000e\000i\000b\000u\000n\000g\000\040\000d\000e\000r\000\040\000K\000o\000n\000s\000t\000r\000u\000k\000t\000o\000r\000e\000n\000\040\000u\000n\000d\000\040\000D\000e\000s\000t\000r\000u\000k\000t\000o\000r\000e\000n}{section.6.7}% 217
\BOOKMARK [3][-]{subsubsection.6.7.2.1}{\376\377\0006\000.\0007\000.\0002\000.\0001\000\040\000R\000a\000s\000p\000O\000u\000t\000p\000u\000t\000C\000o\000n\000t\000r\000o\000l\000l\000e\000r\000\050\000\051}{subsection.6.7.2}% 218
\BOOKMARK [2][-]{subsection.6.7.3}{\376\377\0006\000.\0007\000.\0003\000\040\000D\000o\000k\000u\000m\000e\000n\000t\000a\000t\000i\000o\000n\000\040\000d\000e\000r\000\040\000E\000l\000e\000m\000e\000n\000t\000f\000u\000n\000k\000t\000i\000o\000n\000e\000n}{section.6.7}% 219
\BOOKMARK [3][-]{subsubsection.6.7.3.1}{\376\377\0006\000.\0007\000.\0003\000.\0001\000\040\000a\000c\000t\000i\000v\000e\000S\000a\000m\000p\000l\000e\000C\000h\000a\000n\000g\000e\000\050\000\051}{subsection.6.7.3}% 220
\BOOKMARK [3][-]{subsubsection.6.7.3.2}{\376\377\0006\000.\0007\000.\0003\000.\0002\000\040\000b\000l\000i\000n\000k\000\050\000\051}{subsection.6.7.3}% 221
\BOOKMARK [3][-]{subsubsection.6.7.3.3}{\376\377\0006\000.\0007\000.\0003\000.\0003\000\040\000i\000n\000i\000t\000i\000a\000l\000i\000z\000e\000P\000i\000n\000s\000\050\000\051}{subsection.6.7.3}% 222
\BOOKMARK [3][-]{subsubsection.6.7.3.4}{\376\377\0006\000.\0007\000.\0003\000.\0004\000\040\000p\000l\000a\000y\000P\000o\000s\000i\000t\000i\000o\000n\000C\000h\000a\000n\000g\000e\000\050\000\051\000\040\000[\0001\000/\0002\000]}{subsection.6.7.3}% 223
\BOOKMARK [3][-]{subsubsection.6.7.3.5}{\376\377\0006\000.\0007\000.\0003\000.\0005\000\040\000p\000l\000a\000y\000P\000o\000s\000i\000t\000i\000o\000n\000C\000h\000a\000n\000g\000e\000\050\000\051\000\040\000[\0002\000/\0002\000]}{subsection.6.7.3}% 224
\BOOKMARK [3][-]{subsubsection.6.7.3.6}{\376\377\0006\000.\0007\000.\0003\000.\0006\000\040\000p\000o\000s\000i\000t\000i\000o\000n\000C\000h\000a\000n\000g\000e\000\050\000\051}{subsection.6.7.3}% 225
\BOOKMARK [3][-]{subsubsection.6.7.3.7}{\376\377\0006\000.\0007\000.\0003\000.\0007\000\040\000s\000e\000t\000B\000e\000a\000t\000D\000u\000r\000a\000t\000i\000o\000n\000\050\000\051}{subsection.6.7.3}% 226
\BOOKMARK [3][-]{subsubsection.6.7.3.8}{\376\377\0006\000.\0007\000.\0003\000.\0008\000\040\000s\000h\000o\000w\000M\000a\000i\000n\000S\000c\000r\000e\000e\000n\000\050\000\051}{subsection.6.7.3}% 227
\BOOKMARK [3][-]{subsubsection.6.7.3.9}{\376\377\0006\000.\0007\000.\0003\000.\0009\000\040\000s\000h\000o\000w\000S\000a\000m\000p\000l\000e\000S\000c\000r\000e\000e\000n\000\050\000\051}{subsection.6.7.3}% 228
\BOOKMARK [3][-]{subsubsection.6.7.3.10}{\376\377\0006\000.\0007\000.\0003\000.\0001\0000\000\040\000s\000w\000i\000t\000c\000h\000O\000f\000f\000A\000l\000l\000L\000e\000d\000\050\000\051}{subsection.6.7.3}% 229
\BOOKMARK [3][-]{subsubsection.6.7.3.11}{\376\377\0006\000.\0007\000.\0003\000.\0001\0001\000\040\000s\000w\000i\000t\000c\000h\000O\000f\000f\000A\000l\000l\000R\000e\000d\000B\000e\000a\000t\000L\000e\000d\000s\000\050\000\051}{subsection.6.7.3}% 230
\BOOKMARK [3][-]{subsubsection.6.7.3.12}{\376\377\0006\000.\0007\000.\0003\000.\0001\0002\000\040\000s\000w\000i\000t\000c\000h\000O\000n\000F\000i\000r\000s\000t\000B\000e\000a\000t\000L\000e\000d\000\050\000\051}{subsection.6.7.3}% 231
\BOOKMARK [2][-]{subsection.6.7.4}{\376\377\0006\000.\0007\000.\0004\000\040\000D\000o\000k\000u\000m\000e\000n\000t\000a\000t\000i\000o\000n\000\040\000d\000e\000r\000\040\000D\000a\000t\000e\000n\000e\000l\000e\000m\000e\000n\000t\000e}{section.6.7}% 232
\BOOKMARK [3][-]{subsubsection.6.7.4.1}{\376\377\0006\000.\0007\000.\0004\000.\0001\000\040\000b\000e\000a\000t\000B\000l\000i\000n\000k\000D\000e\000l\000a\000y}{subsection.6.7.4}% 233
\BOOKMARK [3][-]{subsubsection.6.7.4.2}{\376\377\0006\000.\0007\000.\0004\000.\0002\000\040\000b\000l\000u\000e\000L\000e\000d\000L\000i\000s\000t}{subsection.6.7.4}% 234
\BOOKMARK [3][-]{subsubsection.6.7.4.3}{\376\377\0006\000.\0007\000.\0004\000.\0003\000\040\000d\000i\000s\000p\000l\000a\000y}{subsection.6.7.4}% 235
\BOOKMARK [3][-]{subsubsection.6.7.4.4}{\376\377\0006\000.\0007\000.\0004\000.\0004\000\040\000g\000r\000e\000e\000n\000L\000e\000d\000L\000i\000s\000t}{subsection.6.7.4}% 236
\BOOKMARK [3][-]{subsubsection.6.7.4.5}{\376\377\0006\000.\0007\000.\0004\000.\0005\000\040\000o\000u\000t\000p\000u\000t\000P\000i\000n\000M\000a\000p}{subsection.6.7.4}% 237
\BOOKMARK [3][-]{subsubsection.6.7.4.6}{\376\377\0006\000.\0007\000.\0004\000.\0006\000\040\000r\000e\000d\000L\000e\000d\000L\000i\000s\000t}{subsection.6.7.4}% 238
\BOOKMARK [3][-]{subsubsection.6.7.4.7}{\376\377\0006\000.\0007\000.\0004\000.\0007\000\040\000s\000a\000m\000p\000l\000e\000L\000e\000d\000L\000i\000s\000t}{subsection.6.7.4}% 239
\BOOKMARK [1][-]{section.6.8}{\376\377\0006\000.\0008\000\040\000S\000a\000m\000p\000l\000e\000\040\000K\000l\000a\000s\000s\000e\000n\000r\000e\000f\000e\000r\000e\000n\000z}{chapter.6}% 240
\BOOKMARK [2][-]{subsection.6.8.1}{\376\377\0006\000.\0008\000.\0001\000\040\000A\000u\000s\000f\000\374\000h\000r\000l\000i\000c\000h\000e\000\040\000B\000e\000s\000c\000h\000r\000e\000i\000b\000u\000n\000g}{section.6.8}% 241
\BOOKMARK [2][-]{subsection.6.8.2}{\376\377\0006\000.\0008\000.\0002\000\040\000B\000e\000s\000c\000h\000r\000e\000i\000b\000u\000n\000g\000\040\000d\000e\000r\000\040\000K\000o\000n\000s\000t\000r\000u\000k\000t\000o\000r\000e\000n\000\040\000u\000n\000d\000\040\000D\000e\000s\000t\000r\000u\000k\000t\000o\000r\000e\000n}{section.6.8}% 242
\BOOKMARK [3][-]{subsubsection.6.8.2.1}{\376\377\0006\000.\0008\000.\0002\000.\0001\000\040\000S\000a\000m\000p\000l\000e\000\050\000\051}{subsection.6.8.2}% 243
\BOOKMARK [2][-]{subsection.6.8.3}{\376\377\0006\000.\0008\000.\0003\000\040\000D\000o\000k\000u\000m\000e\000n\000t\000a\000t\000i\000o\000n\000\040\000d\000e\000r\000\040\000E\000l\000e\000m\000e\000n\000t\000f\000u\000n\000k\000t\000i\000o\000n\000e\000n}{section.6.8}% 244
\BOOKMARK [3][-]{subsubsection.6.8.3.1}{\376\377\0006\000.\0008\000.\0003\000.\0001\000\040\000g\000e\000t\000M\000a\000s\000t\000e\000r\000V\000o\000l\000u\000m\000e\000\050\000\051}{subsection.6.8.3}% 245
\BOOKMARK [3][-]{subsubsection.6.8.3.2}{\376\377\0006\000.\0008\000.\0003\000.\0002\000\040\000g\000e\000t\000P\000l\000a\000y\000A\000r\000r\000a\000y\000\050\000\051}{subsection.6.8.3}% 246
\BOOKMARK [3][-]{subsubsection.6.8.3.3}{\376\377\0006\000.\0008\000.\0003\000.\0003\000\040\000g\000e\000t\000V\000o\000l\000u\000m\000e\000\050\000\051}{subsection.6.8.3}% 247
\BOOKMARK [3][-]{subsubsection.6.8.3.4}{\376\377\0006\000.\0008\000.\0003\000.\0004\000\040\000p\000l\000a\000y\000\050\000\051}{subsection.6.8.3}% 248
\BOOKMARK [3][-]{subsubsection.6.8.3.5}{\376\377\0006\000.\0008\000.\0003\000.\0005\000\040\000p\000l\000a\000y\000A\000t\000B\000e\000a\000t\000\050\000\051}{subsection.6.8.3}% 249
\BOOKMARK [3][-]{subsubsection.6.8.3.6}{\376\377\0006\000.\0008\000.\0003\000.\0006\000\040\000p\000l\000a\000y\000S\000a\000m\000p\000l\000e\000\050\000\051}{subsection.6.8.3}% 250
\BOOKMARK [3][-]{subsubsection.6.8.3.7}{\376\377\0006\000.\0008\000.\0003\000.\0007\000\040\000s\000e\000t\000M\000a\000s\000t\000e\000r\000V\000o\000l\000u\000m\000e\000\050\000\051}{subsection.6.8.3}% 251
\BOOKMARK [3][-]{subsubsection.6.8.3.8}{\376\377\0006\000.\0008\000.\0003\000.\0008\000\040\000s\000e\000t\000M\000i\000x\000V\000o\000l\000u\000m\000e\000\050\000\051}{subsection.6.8.3}% 252
\BOOKMARK [3][-]{subsubsection.6.8.3.9}{\376\377\0006\000.\0008\000.\0003\000.\0009\000\040\000s\000e\000t\000V\000o\000l\000u\000m\000e\000\050\000\051}{subsection.6.8.3}% 253
\BOOKMARK [3][-]{subsubsection.6.8.3.10}{\376\377\0006\000.\0008\000.\0003\000.\0001\0000\000\040\000t\000o\000g\000g\000l\000e\000P\000l\000a\000y\000A\000t\000B\000e\000a\000t\000\050\000\051}{subsection.6.8.3}% 254
\BOOKMARK [2][-]{subsection.6.8.4}{\376\377\0006\000.\0008\000.\0004\000\040\000D\000o\000k\000u\000m\000e\000n\000t\000a\000t\000i\000o\000n\000\040\000d\000e\000r\000\040\000D\000a\000t\000e\000n\000e\000l\000e\000m\000e\000n\000t\000e}{section.6.8}% 255
\BOOKMARK [3][-]{subsubsection.6.8.4.1}{\376\377\0006\000.\0008\000.\0004\000.\0001\000\040\000m\000a\000s\000t\000e\000r\000V\000o\000l\000u\000m\000e}{subsection.6.8.4}% 256
\BOOKMARK [3][-]{subsubsection.6.8.4.2}{\376\377\0006\000.\0008\000.\0004\000.\0002\000\040\000p\000l\000a\000y\000A\000r\000r\000a\000y}{subsection.6.8.4}% 257
\BOOKMARK [3][-]{subsubsection.6.8.4.3}{\376\377\0006\000.\0008\000.\0004\000.\0003\000\040\000s\000a\000m\000p\000l\000e\000F\000i\000l\000e}{subsection.6.8.4}% 258
\BOOKMARK [3][-]{subsubsection.6.8.4.4}{\376\377\0006\000.\0008\000.\0004\000.\0004\000\040\000v\000o\000l\000u\000m\000e}{subsection.6.8.4}% 259
\BOOKMARK [1][-]{section.6.9}{\376\377\0006\000.\0009\000\040\000T\000i\000m\000e\000r\000\040\000K\000l\000a\000s\000s\000e\000n\000r\000e\000f\000e\000r\000e\000n\000z}{chapter.6}% 260
\BOOKMARK [2][-]{subsection.6.9.1}{\376\377\0006\000.\0009\000.\0001\000\040\000A\000u\000s\000f\000\374\000h\000r\000l\000i\000c\000h\000e\000\040\000B\000e\000s\000c\000h\000r\000e\000i\000b\000u\000n\000g}{section.6.9}% 261
\BOOKMARK [2][-]{subsection.6.9.2}{\376\377\0006\000.\0009\000.\0002\000\040\000B\000e\000s\000c\000h\000r\000e\000i\000b\000u\000n\000g\000\040\000d\000e\000r\000\040\000K\000o\000n\000s\000t\000r\000u\000k\000t\000o\000r\000e\000n\000\040\000u\000n\000d\000\040\000D\000e\000s\000t\000r\000u\000k\000t\000o\000r\000e\000n}{section.6.9}% 262
\BOOKMARK [3][-]{subsubsection.6.9.2.1}{\376\377\0006\000.\0009\000.\0002\000.\0001\000\040\000T\000i\000m\000e\000r\000\050\000\051}{subsection.6.9.2}% 263
\BOOKMARK [2][-]{subsection.6.9.3}{\376\377\0006\000.\0009\000.\0003\000\040\000D\000o\000k\000u\000m\000e\000n\000t\000a\000t\000i\000o\000n\000\040\000d\000e\000r\000\040\000E\000l\000e\000m\000e\000n\000t\000f\000u\000n\000k\000t\000i\000o\000n\000e\000n}{section.6.9}% 264
\BOOKMARK [3][-]{subsubsection.6.9.3.1}{\376\377\0006\000.\0009\000.\0003\000.\0001\000\040\000g\000e\000t\000C\000u\000r\000r\000e\000n\000t\000T\000i\000m\000e\000M\000i\000l\000l\000i\000s\000\050\000\051}{subsection.6.9.3}% 265
\BOOKMARK [3][-]{subsubsection.6.9.3.2}{\376\377\0006\000.\0009\000.\0003\000.\0002\000\040\000g\000e\000t\000I\000n\000t\000e\000r\000v\000a\000l\000\050\000\051}{subsection.6.9.3}% 266
\BOOKMARK [3][-]{subsubsection.6.9.3.3}{\376\377\0006\000.\0009\000.\0003\000.\0003\000\040\000s\000e\000t\000I\000n\000t\000e\000r\000v\000a\000l\000\050\000\051}{subsection.6.9.3}% 267
\BOOKMARK [3][-]{subsubsection.6.9.3.4}{\376\377\0006\000.\0009\000.\0003\000.\0004\000\040\000s\000t\000a\000r\000t\000\050\000\051}{subsection.6.9.3}% 268
\BOOKMARK [3][-]{subsubsection.6.9.3.5}{\376\377\0006\000.\0009\000.\0003\000.\0005\000\040\000s\000t\000o\000p\000\050\000\051}{subsection.6.9.3}% 269
\BOOKMARK [2][-]{subsection.6.9.4}{\376\377\0006\000.\0009\000.\0004\000\040\000D\000o\000k\000u\000m\000e\000n\000t\000a\000t\000i\000o\000n\000\040\000d\000e\000r\000\040\000D\000a\000t\000e\000n\000e\000l\000e\000m\000e\000n\000t\000e}{section.6.9}% 270
\BOOKMARK [3][-]{subsubsection.6.9.4.1}{\376\377\0006\000.\0009\000.\0004\000.\0001\000\040\000i\000n\000t\000e\000r\000v\000a\000l}{subsection.6.9.4}% 271
\BOOKMARK [3][-]{subsubsection.6.9.4.2}{\376\377\0006\000.\0009\000.\0004\000.\0002\000\040\000p\000r\000e\000c\000i\000s\000i\000o\000n}{subsection.6.9.4}% 272
\BOOKMARK [3][-]{subsubsection.6.9.4.3}{\376\377\0006\000.\0009\000.\0004\000.\0003\000\040\000r\000u\000n\000n\000i\000n\000g}{subsection.6.9.4}% 273
\BOOKMARK [0][-]{chapter.7}{\376\377\0007\000\040\000D\000a\000t\000e\000i\000-\000D\000o\000k\000u\000m\000e\000n\000t\000a\000t\000i\000o\000n}{}% 274
\BOOKMARK [1][-]{section.7.1}{\376\377\0007\000.\0001\000\040\000A\000O\000u\000t\000p\000u\000t\000C\000o\000n\000t\000r\000o\000l\000l\000e\000r\000.\000h\000-\000D\000a\000t\000e\000i\000r\000e\000f\000e\000r\000e\000n\000z}{chapter.7}% 275
\BOOKMARK [1][-]{section.7.2}{\376\377\0007\000.\0002\000\040\000D\000i\000s\000p\000l\000a\000y\000.\000c\000p\000p\000-\000D\000a\000t\000e\000i\000r\000e\000f\000e\000r\000e\000n\000z}{chapter.7}% 276
\BOOKMARK [1][-]{section.7.3}{\376\377\0007\000.\0003\000\040\000D\000i\000s\000p\000l\000a\000y\000.\000h\000-\000D\000a\000t\000e\000i\000r\000e\000f\000e\000r\000e\000n\000z}{chapter.7}% 277
\BOOKMARK [1][-]{section.7.4}{\376\377\0007\000.\0004\000\040\000D\000r\000u\000m\000M\000a\000c\000h\000i\000n\000e\000.\000c\000p\000p\000-\000D\000a\000t\000e\000i\000r\000e\000f\000e\000r\000e\000n\000z}{chapter.7}% 278
\BOOKMARK [1][-]{section.7.5}{\376\377\0007\000.\0005\000\040\000D\000r\000u\000m\000M\000a\000c\000h\000i\000n\000e\000.\000h\000-\000D\000a\000t\000e\000i\000r\000e\000f\000e\000r\000e\000n\000z}{chapter.7}% 279
\BOOKMARK [1][-]{section.7.6}{\376\377\0007\000.\0006\000\040\000D\000r\000u\000m\000M\000a\000c\000h\000i\000n\000e\000I\000n\000p\000u\000t\000L\000i\000s\000t\000e\000n\000e\000r\000.\000c\000p\000p\000-\000D\000a\000t\000e\000i\000r\000e\000f\000e\000r\000e\000n\000z}{chapter.7}% 280
\BOOKMARK [1][-]{section.7.7}{\376\377\0007\000.\0007\000\040\000D\000r\000u\000m\000M\000a\000c\000h\000i\000n\000e\000I\000n\000p\000u\000t\000L\000i\000s\000t\000e\000n\000e\000r\000.\000h\000-\000D\000a\000t\000e\000i\000r\000e\000f\000e\000r\000e\000n\000z}{chapter.7}% 281
\BOOKMARK [1][-]{section.7.8}{\376\377\0007\000.\0008\000\040\000I\000n\000p\000u\000t\000L\000i\000s\000t\000e\000n\000e\000r\000.\000h\000-\000D\000a\000t\000e\000i\000r\000e\000f\000e\000r\000e\000n\000z}{chapter.7}% 282
\BOOKMARK [1][-]{section.7.9}{\376\377\0007\000.\0009\000\040\000m\000a\000i\000n\000.\000c\000p\000p\000-\000D\000a\000t\000e\000i\000r\000e\000f\000e\000r\000e\000n\000z}{chapter.7}% 283
\BOOKMARK [2][-]{subsection.7.9.1}{\376\377\0007\000.\0009\000.\0001\000\040\000D\000o\000k\000u\000m\000e\000n\000t\000a\000t\000i\000o\000n\000\040\000d\000e\000r\000\040\000F\000u\000n\000k\000t\000i\000o\000n\000e\000n}{section.7.9}% 284
\BOOKMARK [3][-]{subsubsection.7.9.1.1}{\376\377\0007\000.\0009\000.\0001\000.\0001\000\040\000m\000a\000i\000n\000\050\000\051}{subsection.7.9.1}% 285
\BOOKMARK [3][-]{subsubsection.7.9.1.2}{\376\377\0007\000.\0009\000.\0001\000.\0002\000\040\000s\000e\000t\000u\000p\000\050\000\051}{subsection.7.9.1}% 286
\BOOKMARK [1][-]{section.7.10}{\376\377\0007\000.\0001\0000\000\040\000R\000a\000s\000p\000I\000n\000p\000u\000t\000C\000o\000n\000t\000r\000o\000l\000l\000e\000r\000.\000c\000p\000p\000-\000D\000a\000t\000e\000i\000r\000e\000f\000e\000r\000e\000n\000z}{chapter.7}% 287
\BOOKMARK [1][-]{section.7.11}{\376\377\0007\000.\0001\0001\000\040\000R\000a\000s\000p\000I\000n\000p\000u\000t\000C\000o\000n\000t\000r\000o\000l\000l\000e\000r\000.\000h\000-\000D\000a\000t\000e\000i\000r\000e\000f\000e\000r\000e\000n\000z}{chapter.7}% 288
\BOOKMARK [1][-]{section.7.12}{\376\377\0007\000.\0001\0002\000\040\000R\000a\000s\000p\000O\000u\000t\000p\000u\000t\000C\000o\000n\000t\000r\000o\000l\000l\000e\000r\000.\000c\000p\000p\000-\000D\000a\000t\000e\000i\000r\000e\000f\000e\000r\000e\000n\000z}{chapter.7}% 289
\BOOKMARK [1][-]{section.7.13}{\376\377\0007\000.\0001\0003\000\040\000R\000a\000s\000p\000O\000u\000t\000p\000u\000t\000C\000o\000n\000t\000r\000o\000l\000l\000e\000r\000.\000h\000-\000D\000a\000t\000e\000i\000r\000e\000f\000e\000r\000e\000n\000z}{chapter.7}% 290
\BOOKMARK [1][-]{section.7.14}{\376\377\0007\000.\0001\0004\000\040\000S\000a\000m\000p\000l\000e\000.\000c\000p\000p\000-\000D\000a\000t\000e\000i\000r\000e\000f\000e\000r\000e\000n\000z}{chapter.7}% 291
\BOOKMARK [1][-]{section.7.15}{\376\377\0007\000.\0001\0005\000\040\000S\000a\000m\000p\000l\000e\000.\000h\000-\000D\000a\000t\000e\000i\000r\000e\000f\000e\000r\000e\000n\000z}{chapter.7}% 292
\BOOKMARK [1][-]{section.7.16}{\376\377\0007\000.\0001\0006\000\040\000T\000i\000m\000e\000r\000.\000c\000p\000p\000-\000D\000a\000t\000e\000i\000r\000e\000f\000e\000r\000e\000n\000z}{chapter.7}% 293
\BOOKMARK [1][-]{section.7.17}{\376\377\0007\000.\0001\0007\000\040\000T\000i\000m\000e\000r\000.\000h\000-\000D\000a\000t\000e\000i\000r\000e\000f\000e\000r\000e\000n\000z}{chapter.7}% 294
